<?xml version="1.0" encoding="UTF-8" ?>
<testsuite tests="20" failures="0" name="runners.ClasseRunnerTest" time="0.018" errors="0" skipped="0">
  <properties>
[...]
</properties>
  <testcase classname="Cenário: Arquivo com nome invalido" name="Dado um arquivo com nome invalido" time="0.006"/>
  <testcase classname="Cenário: Arquivo com nome invalido" name="Quando ocorre a tentativa de abrir o arquivo" time="0"/>
  <testcase classname="Cenário: Arquivo com nome invalido" name="Então uma mensagem de erro e mostrada" time="0"/>
  <testcase classname="Cenário: Arquivo com nome invalido" name="Cenário: Arquivo com nome invalido" time="0.001"/>
  <testcase classname="Cenário: Arquivo com nome valido para leitura" name="Dado um arquivo com nome valido para leitura" time="0"/>
  <testcase classname="Cenário: Arquivo com nome valido para leitura" name="Quando esse arquivo e aberto e definido para leitura" time="0"/>
  <testcase classname="Cenário: Arquivo com nome valido para leitura" name="Então resultado do arquivo e mostrado na tela" time="0"/>
  <testcase classname="Cenário: Arquivo com nome valido para leitura" name="Cenário: Arquivo com nome valido para leitura" time="0.001"/>
  <testcase classname="Cenario: Arquivo com nome valido para escrita" name="Dado um arquivo com nome valido para ser escrito" time="0"/>
  <testcase classname="Cenario: Arquivo com nome valido para escrita" name="Quando esse arquivo e aberto e definido para escrita" time="0"/>
  <testcase classname="Cenario: Arquivo com nome valido para escrita" name="Então escrita e realizada e mostrada na tela" time="0.001"/>
  <testcase classname="Cenario: Arquivo com nome valido para escrita" name="Cenario: Arquivo com nome valido para escrita" time="0.001"/>
  <testcase classname="Cenario: Saída de um arquivo válido" name="Dado que o usuario abriu um arquivo" time="0.002"/>
  <testcase classname="Cenario: Saída de um arquivo válido" name="Quando ele nao quer mais o modificar" time="0"/>
  <testcase classname="Cenario: Saída de um arquivo válido" name="Então ele decide sair" time="0.002"/>
  <testcase classname="Cenario: Saída de um arquivo válido" name="Cenario: Saída de um arquivo válido" time="0.002"/>
  <testcase classname="Cenario: Arquivo aberto e comando inválido é digitado" name="Dado que o usuario abriu corretamente um arquivo" time="0.002"/>
  <testcase classname="Cenario: Arquivo aberto e comando inválido é digitado" name="Quando ele escolhe um comando nao valido" time="0"/>
  <testcase classname="Cenario: Arquivo aberto e comando inválido é digitado" name="Então ele e avisado do ocorrido" time="0"/>
  <testcase classname="Cenario: Arquivo aberto e comando inválido é digitado" name="Cenario: Arquivo aberto e comando inválido é digitado" time="0"/>
</testsuite>